<?xml version="1.0" encoding="UTF-8"?>
<testsuite name="com.minhnln.roundTable.simulator.mainTest" tests="4" skipped="0" failures="0" errors="0" timestamp="2017-12-22T14:04:01" hostname="laptop88-PC" time="0.003">
  <properties/>
  <testcase name="receiveInvalidJumpStepParam_NotBeIntegerFormat" classname="com.minhnln.roundTable.simulator.mainTest" time="0.002"/>
  <testcase name="receiveInvalidNumberOfChildrenParam_NotBeIntegerFormat" classname="com.minhnln.roundTable.simulator.mainTest" time="0.0"/>
  <testcase name="receiveInvalidNumberOfChildrenParam_NegativeNumber" classname="com.minhnln.roundTable.simulator.mainTest" time="0.001"/>
  <testcase name="receiveInvalidJumpStepParam_NegativeNumber" classname="com.minhnln.roundTable.simulator.mainTest" time="0.0"/>
  <system-out><![CDATA[Enter the jump step (non-negative number): 
Invalid Format! abc is not a number

Enter the number of children (positive number): 
Invalid Format! abc is not a number

Enter the number of children (positive number): 
Number of children (-10) should be positive

Enter the jump step (non-negative number): 
Jump step (-10) should be non-negative

]]></system-out>
  <system-err><![CDATA[]]></system-err>
</testsuite>
